<?xml version="1.0" encoding="UTF-8"?>
<testng-results ignored="0" total="2" passed="2" failed="0" skipped="0">
  <reporter-output>
  </reporter-output>
  <suite started-at="2025-07-02T10:02:12 IST" name="All Test Suite" finished-at="2025-07-02T10:02:32 IST" duration-ms="19212">
    <groups>
    </groups>
    <test started-at="2025-07-02T10:02:12 IST" name="C:/Users/vipin/Intellij Projects/Entrata" finished-at="2025-07-02T10:02:32 IST" duration-ms="19212">
      <class name="Test.Test_Entrata_Landing_Page">
        <test-method is-config="true" signature="setUp(java.lang.String)[pri:0, instance:Test.Test_Entrata_Landing_Page@5c5eefef]" started-at="2025-07-02T10:02:13 IST" name="setUp" finished-at="2025-07-02T10:02:32 IST" duration-ms="19021" status="PASS">
          <params>
            <param index="0">
              <value>
                <![CDATA[chrome]]>
              </value>
            </param>
          </params>
          <reporter-output>
          </reporter-output>
        </test-method> <!-- setUp -->
        <test-method signature="verify_CurrntUrl()[pri:1, instance:Test.Test_Entrata_Landing_Page@5c5eefef]" started-at="2025-07-02T10:02:32 IST" name="verify_CurrntUrl" description="verify CurruntUrl of the page" finished-at="2025-07-02T10:02:32 IST" duration-ms="54" status="PASS">
          <reporter-output>
          </reporter-output>
        </test-method> <!-- verify_CurrntUrl -->
        <test-method signature="verify_Title()[pri:2, instance:Test.Test_Entrata_Landing_Page@5c5eefef]" started-at="2025-07-02T10:02:32 IST" name="verify_Title" description="verify title of the page" finished-at="2025-07-02T10:02:32 IST" duration-ms="76" status="PASS">
          <reporter-output>
          </reporter-output>
        </test-method> <!-- verify_Title -->
      </class> <!-- Test.Test_Entrata_Landing_Page -->
    </test> <!-- C:/Users/vipin/Intellij Projects/Entrata -->
  </suite> <!-- All Test Suite -->
</testng-results>
